          min -0.282002  max 0.285076
          min -380.176  max 5.3792
  -- Solve :
          min 0.550862  max 1.01568
  -- Solve :
          min 0.551329  max 1.01558
  -- Solve :
          min 0.551731  max 1.01548
  -- Solve :
          min 0.55207  max 1.01539
  -- Solve :
          min 0.552346  max 1.0153
  -- Solve :
          min 0.552561  max 1.01522
  -- Solve :
          min 0.552714  max 1.01515
  -- Solve :
          min 0.552807  max 1.01508
  -- Solve :
          min 0.55284  max 1.01501
  -- Solve :
          min 0.552814  max 1.01494
Van Der Waal free energy:159.756
iter: 5
Volume equals: 0.355154
  -- Solve :
          min -1.5414  max 4.13381
          min -3.59105  max 326.337
 try getConsole C:\Users\user\Desktop\NS\¶þÎ¬diffuser\mu0.1\NS_AllenCahn_mue-1.edp
